<?xml version="1.0" encoding="UTF-8"?>
<!-- Generated by org.testng.reporters.JUnitReportReporter -->
<testsuite hostname="LAPTOP-MK2JOM2R" failures="0" tests="1" name="com.automation.utils.Demo" time="0.011" errors="0" timestamp="2025-06-10T00:38:12 IST" skipped="0">
  <testcase classname="com.automation.utils.Demo" name="countOccurence" time="0.011"/>
</testsuite> <!-- com.automation.utils.Demo -->
