<?xml version="1.0" encoding="UTF-8"?>
<!-- Generated by org.testng.reporters.JUnitReportReporter -->
<testsuite hostname="LAPTOP-MK2JOM2R" failures="0" tests="1" name="com.utility.CountOccurence" time="0.008" errors="0" timestamp="2025-05-27T00:26:59 IST" skipped="0">
  <testcase classname="com.utility.CountOccurence" name="secondLargest" time="0.008"/>
  <system-out/>
</testsuite> <!-- com.utility.CountOccurence -->
