<?xml version="1.0" encoding="UTF-8"?>
<!-- Generated by org.testng.reporters.JUnitReportReporter -->
<testsuite hostname="LAPTOP-MK2JOM2R" failures="0" tests="1" name="com.automation.RunnerTest" time="17.193" errors="0" timestamp="2025-06-09T22:07:33 IST" skipped="0">
  <testcase classname="com.automation.RunnerTest" name="runScenario" time="17.193"/>
  <system-out/>
</testsuite> <!-- com.automation.RunnerTest -->
